c0072    rB 0 0
c0072    rB 0 1
c0072    rB 0 2
c0072    rB 0 3
c0072    rB 0 4
c0072    rB 0 5
c0071    rC 0 3
c0071    rC 0 4
c0071    rC 0 5
c0071    rC 1 3
c0071    rC 1 4
c0071    rC 1 5
c0070    rB 1 0
c0070    rB 1 1
c0070    rB 1 2
c0070    rB 1 3
c0070    rB 1 4
c0070    rB 1 5
c0069    rC 0 0
c0069    rC 0 1
c0069    rC 0 2
c0069    rC 1 0
c0069    rC 1 1
c0069    rC 1 2
c0068    rE 0 3
c0068    rE 0 4
c0068    rE 0 5
c0068    rE 1 3
c0068    rE 1 4
c0068    rE 1 5
c0067    rB 2 0
c0067    rB 2 1
c0067    rB 2 2
c0067    rB 2 3
c0067    rB 2 4
c0066    rC 2 0
c0066    rC 2 1
c0066    rC 2 2
c0066    rC 2 3
c0066    rC 2 4
c0066    rC 2 5
c0065    rE 1 0
c0065    rE 1 1
c0065    rE 1 2
c0065    rE 2 0
c0065    rE 2 1
c0065    rE 2 2
c0064    rE 0 0
c0064    rE 0 1
c0064    rE 0 2
c0064    rE 3 0
c0064    rE 3 1
c0064    rE 3 2
c0063    rF 1 0
c0063    rF 1 1
c0063    rF 1 2
c0063    rF 3 3
c0063    rF 3 4
c0063    rF 3 5
c0062    rF 0 0
c0062    rF 0 1
c0062    rF 0 2
c0062    rF 3 0
c0062    rF 3 1
c0061    rF 0 3
c0061    rF 0 4
c0061    rF 0 5
c0061    rF 1 3
c0061    rF 1 4
c0061    rF 1 5
c0059    rG 1 3
c0059    rG 1 4
c0059    rG 1 5
c0059    rG 2 3
c0059    rG 2 4
c0059    rG 2 5
c0058    rG 0 0
c0058    rG 0 1
c0058    rG 0 2
c0058    rG 2 0
c0058    rG 2 1
c0057    rS 0 0
c0057    rS 0 1
c0057    rS 0 2
c0057    rS 0 3
c0057    rS 0 4
c0033    rB 2 5
c0033    rB 3 0
c0033    rB 3 1
c0033    rS 0 5
c0033    rS 1 0
c0033    rS 1 1
c0032    rB 3 2
c0031    rG 0 3
c0031    rG 0 4
c0031    rG 1 2
c0031    rG 2 2
c0031    rG 3 3
c0030    rS 1 2
c0030    rS 1 3
c0030    rS 1 4
c0030    rS 1 5
c0030    rS 2 0
c0078    rC 3 0
c0078    rC 3 1
c0078    rC 3 2
c0078    rC 3 3
c0078    rC 3 4
c0025    rB 4 0
c0025    rB 4 1
c0025    rB 4 2
c0025    rB 4 3
c0025    rB 4 4
c0025    rB 4 5
c0025    rF 2 0
c0025    rF 2 1
c0024    rF 2 2
c0024    rF 2 3
c0024    rF 2 4
c0024    rF 2 5
c0017    rB 3 3
c0017    rB 3 4
c0016    rB 3 5
c0016    rC 4 0
c0016    rC 4 1
c0016    rC 4 2
c0016    rC 4 3
c0016    rC 4 4
c0016    rC 4 5
c0015    rS 2 1
c0015    rS 2 2
c0015    rS 2 3
c0015    rS 2 4
c0015    rS 2 5
c0015    rS 3 0
c0015    rS 3 1
c0015    rS 3 2
c0014    rG 0 5
c0005    rC 3 5
c0005    rF 3 2
c0005    rF 4 0
c0004    rS 3 3
c0004    rS 3 4
c0004    rS 4 1
c0004    rS 4 2
c0004    rS 4 3
c0004    rS 4 4
c0004    rS 4 5
c0002    rG 1 0
c0002    rG 1 1
c0002    rG 3 0
c0002    rG 3 1
c0002    rE 2 3
c0002    rE 2 4
c0001    rB 0 0
c0001    rB 0 0
c0001    rB 0 0
c0001    rB 0 0
c0001    rB 0 0
c0001    rB 0 0
